SF:lib\data\database.g.dart
DA:11,1
DA:14,2
DA:15,1
DA:20,1
DA:23,2
DA:24,1
DA:26,1
DA:32,2
DA:33,1
DA:38,2
DA:39,1
DA:46,2
DA:47,1
DA:54,2
DA:55,1
DA:59,1
DA:61,7
DA:62,1
DA:63,2
DA:64,1
DA:67,1
DA:70,1
DA:71,1
DA:72,1
DA:73,0
DA:75,1
DA:76,1
DA:77,3
DA:79,0
DA:81,1
DA:82,1
DA:84,2
DA:85,1
DA:87,1
DA:88,1
DA:89,3
DA:91,1
DA:92,1
DA:93,3
DA:95,1
DA:96,1
DA:98,2
DA:99,1
DA:104,1
DA:105,1
DA:106,1
DA:108,0
DA:109,1
DA:110,2
DA:111,3
DA:112,2
DA:113,3
DA:114,2
DA:115,3
DA:116,2
DA:117,3
DA:118,2
DA:119,3
DA:120,3
DA:121,2
DA:125,0
DA:127,0
DA:138,1
DA:145,0
DA:147,0
DA:148,0
DA:149,0
DA:150,0
DA:151,0
DA:153,0
DA:154,0
DA:155,0
DA:159,0
DA:160,0
DA:161,0
DA:162,0
DA:163,0
DA:165,0
DA:166,0
DA:167,0
DA:168,0
DA:172,0
DA:174,0
DA:175,0
DA:176,0
DA:177,0
DA:178,0
DA:179,0
DA:180,0
DA:181,0
DA:184,0
DA:186,0
DA:187,0
DA:188,0
DA:189,0
DA:190,0
DA:191,0
DA:192,0
DA:193,0
DA:197,0
DA:204,0
DA:205,0
DA:206,0
DA:207,0
DA:208,0
DA:209,0
DA:210,0
DA:212,0
DA:213,0
DA:214,0
DA:215,0
DA:217,0
DA:218,0
DA:219,0
DA:220,0
DA:221,0
DA:222,0
DA:226,0
DA:228,0
DA:229,0
DA:230,0
DA:231,0
DA:232,0
DA:233,0
DA:234,0
DA:235,0
DA:236,0
DA:239,0
DA:241,0
DA:242,0
DA:245,0
DA:246,0
DA:247,0
DA:248,0
DA:249,0
DA:250,0
DA:251,0
DA:261,1
DA:269,1
DA:276,1
DA:277,0
DA:285,0
DA:286,0
DA:287,0
DA:288,0
DA:289,0
DA:290,0
DA:291,0
DA:295,0
DA:302,0
DA:303,0
DA:304,0
DA:305,0
DA:306,0
DA:307,0
DA:308,0
DA:312,1
DA:314,1
DA:315,2
DA:316,0
DA:318,2
DA:319,4
DA:321,2
DA:322,4
DA:324,2
DA:325,4
DA:327,2
DA:328,4
DA:330,2
DA:331,4
DA:336,0
DA:338,0
DA:339,0
DA:340,0
DA:341,0
DA:342,0
DA:343,0
DA:344,0
DA:345,0
DA:346,0
DA:355,1
DA:358,2
DA:359,1
DA:364,1
DA:367,2
DA:368,1
DA:371,1
DA:376,2
DA:377,1
DA:382,2
DA:383,1
DA:387,2
DA:388,1
DA:395,2
DA:396,1
DA:401,2
DA:402,1
DA:407,2
DA:408,1
DA:413,2
DA:414,1
DA:419,2
DA:420,1
DA:427,2
DA:428,1
DA:433,2
DA:434,1
DA:441,2
DA:442,1
DA:446,1
DA:447,1
DA:448,1
DA:449,1
DA:450,1
DA:451,1
DA:452,1
DA:453,1
DA:454,1
DA:455,1
DA:456,1
DA:457,1
DA:458,1
DA:459,1
DA:460,1
DA:462,1
DA:463,2
DA:464,1
DA:467,1
DA:470,1
DA:471,1
DA:472,1
DA:473,0
DA:475,1
DA:476,1
DA:477,3
DA:479,0
DA:481,1
DA:482,1
DA:483,3
DA:485,0
DA:487,1
DA:488,1
DA:489,3
DA:491,0
DA:493,1
DA:494,1
DA:495,3
DA:497,1
DA:498,1
DA:500,2
DA:501,1
DA:503,1
DA:504,1
DA:505,3
DA:507,1
DA:508,1
DA:510,2
DA:511,1
DA:513,1
DA:514,1
DA:515,3
DA:517,1
DA:518,1
DA:519,3
DA:521,1
DA:522,1
DA:524,2
DA:525,1
DA:527,1
DA:528,1
DA:529,3
DA:531,1
DA:532,1
DA:534,2
DA:535,1
DA:540,1
DA:541,1
DA:542,1
DA:544,0
DA:545,1
DA:546,2
DA:547,3
DA:548,2
DA:549,3
DA:550,2
DA:551,3
DA:552,2
DA:553,3
DA:554,2
DA:555,3
DA:556,2
DA:557,3
DA:558,2
DA:559,3
DA:560,2
DA:561,3
DA:562,2
DA:563,3
DA:564,2
DA:565,3
DA:566,2
DA:567,3
DA:568,2
DA:569,3
DA:570,2
DA:571,3
DA:575,0
DA:577,0
DA:595,2
DA:609,1
DA:611,1
DA:612,3
DA:613,3
DA:614,3
DA:615,3
DA:616,3
DA:617,0
DA:618,3
DA:620,0
DA:621,3
DA:623,0
DA:624,3
DA:626,0
DA:627,3
DA:629,3
DA:630,0
DA:631,3
DA:633,3
DA:634,3
DA:638,0
DA:639,0
DA:640,0
DA:641,0
DA:642,0
DA:643,0
DA:644,0
DA:645,0
DA:647,0
DA:648,0
DA:650,0
DA:651,0
DA:653,0
DA:654,0
DA:656,0
DA:657,0
DA:658,0
DA:660,0
DA:661,0
DA:662,0
DA:666,0
DA:668,0
DA:669,0
DA:670,0
DA:671,0
DA:672,0
DA:673,0
DA:674,0
DA:675,0
DA:676,0
DA:677,0
DA:678,0
DA:679,0
DA:680,0
DA:681,0
DA:682,0
DA:685,0
DA:687,0
DA:688,0
DA:689,0
DA:690,0
DA:691,0
DA:692,0
DA:693,0
DA:694,0
DA:695,0
DA:696,0
DA:697,0
DA:698,0
DA:699,0
DA:700,0
DA:701,0
DA:705,0
DA:719,0
DA:720,0
DA:721,0
DA:722,0
DA:723,0
DA:724,0
DA:725,0
DA:726,0
DA:727,0
DA:728,0
DA:729,0
DA:731,0
DA:732,0
DA:733,0
DA:735,0
DA:736,0
DA:737,0
DA:738,0
DA:739,0
DA:740,0
DA:741,0
DA:743,0
DA:744,0
DA:746,0
DA:747,0
DA:748,0
DA:749,0
DA:750,0
DA:751,0
DA:752,0
DA:754,0
DA:758,0
DA:760,0
DA:761,0
DA:762,0
DA:763,0
DA:764,0
DA:765,0
DA:766,0
DA:767,0
DA:768,0
DA:769,0
DA:770,0
DA:771,0
DA:772,0
DA:773,0
DA:774,0
DA:775,0
DA:778,0
DA:779,0
DA:780,0
DA:781,0
DA:782,0
DA:783,0
DA:784,0
DA:785,0
DA:786,0
DA:787,0
DA:788,0
DA:789,0
DA:790,0
DA:791,0
DA:792,0
DA:793,0
DA:796,0
DA:797,0
DA:798,0
DA:799,0
DA:800,0
DA:801,0
DA:802,0
DA:803,0
DA:804,0
DA:805,0
DA:806,0
DA:807,0
DA:808,0
DA:809,0
DA:826,0
DA:841,1
DA:855,1
DA:856,1
DA:857,1
DA:858,0
DA:873,0
DA:874,0
DA:875,0
DA:876,0
DA:877,0
DA:878,0
DA:879,0
DA:880,0
DA:881,0
DA:882,0
DA:883,0
DA:884,0
DA:885,0
DA:886,0
DA:890,0
DA:904,0
DA:905,0
DA:906,0
DA:907,0
DA:908,0
DA:909,0
DA:910,0
DA:911,0
DA:912,0
DA:913,0
DA:914,0
DA:915,0
DA:916,0
DA:917,0
DA:921,1
DA:923,1
DA:924,2
DA:925,0
DA:927,2
DA:928,4
DA:930,2
DA:931,4
DA:933,2
DA:934,4
DA:936,2
DA:937,4
DA:939,2
DA:940,4
DA:942,2
DA:943,4
DA:945,2
DA:946,4
DA:948,2
DA:949,4
DA:951,2
DA:952,4
DA:954,2
DA:955,4
DA:957,2
DA:958,4
DA:960,2
DA:961,4
DA:966,0
DA:968,0
DA:969,0
DA:970,0
DA:971,0
DA:972,0
DA:973,0
DA:974,0
DA:975,0
DA:976,0
DA:977,0
DA:978,0
DA:979,0
DA:980,0
DA:981,0
DA:982,0
DA:983,0
DA:992,1
DA:995,2
DA:996,1
DA:1001,1
DA:1004,2
DA:1005,1
DA:1008,1
DA:1013,2
DA:1014,1
DA:1019,2
DA:1020,1
DA:1025,2
DA:1026,1
DA:1028,1
DA:1030,6
DA:1031,1
DA:1032,2
DA:1033,1
DA:1036,0
DA:1040,0
DA:1041,0
DA:1042,0
DA:1043,0
DA:1045,0
DA:1046,0
DA:1047,0
DA:1049,0
DA:1051,0
DA:1052,0
DA:1054,0
DA:1055,0
DA:1057,0
DA:1059,0
DA:1060,0
DA:1062,0
DA:1063,0
DA:1065,0
DA:1067,0
DA:1068,0
DA:1070,0
DA:1071,0
DA:1073,0
DA:1078,1
DA:1079,1
DA:1080,0
DA:1082,0
DA:1083,0
DA:1084,0
DA:1085,0
DA:1086,0
DA:1087,0
DA:1088,0
DA:1089,0
DA:1090,0
DA:1091,0
DA:1092,0
DA:1093,0
DA:1097,0
DA:1099,0
DA:1110,0
DA:1116,0
DA:1118,0
DA:1119,0
DA:1120,0
DA:1121,0
DA:1122,0
DA:1123,0
DA:1127,0
DA:1128,0
DA:1129,0
DA:1130,0
DA:1131,0
DA:1132,0
DA:1133,0
DA:1137,0
DA:1139,0
DA:1140,0
DA:1141,0
DA:1142,0
DA:1143,0
DA:1144,0
DA:1145,0
DA:1148,0
DA:1150,0
DA:1151,0
DA:1152,0
DA:1153,0
DA:1154,0
DA:1155,0
DA:1156,0
DA:1160,0
DA:1166,0
DA:1167,0
DA:1168,0
DA:1169,0
DA:1170,0
DA:1171,0
DA:1173,0
DA:1174,0
DA:1175,0
DA:1176,0
DA:1178,0
DA:1179,0
DA:1180,0
DA:1181,0
DA:1183,0
DA:1187,0
DA:1189,0
DA:1190,0
DA:1191,0
DA:1192,0
DA:1193,0
DA:1194,0
DA:1195,0
DA:1196,0
DA:1199,0
DA:1201,0
DA:1202,0
DA:1205,0
DA:1206,0
DA:1207,0
DA:1208,0
DA:1209,0
DA:1210,0
DA:1219,1
DA:1226,0
DA:1232,0
DA:1233,0
DA:1234,0
DA:1235,0
DA:1236,0
DA:1243,0
DA:1244,0
DA:1245,0
DA:1246,0
DA:1247,0
DA:1248,0
DA:1252,0
DA:1258,0
DA:1259,0
DA:1260,0
DA:1261,0
DA:1262,0
DA:1263,0
DA:1267,0
DA:1269,0
DA:1270,0
DA:1271,0
DA:1273,0
DA:1274,0
DA:1276,0
DA:1277,0
DA:1279,0
DA:1280,0
DA:1282,0
DA:1283,0
DA:1288,0
DA:1290,0
DA:1291,0
DA:1292,0
DA:1293,0
DA:1294,0
DA:1295,0
DA:1296,0
DA:1297,0
DA:1302,2
DA:1303,0
DA:1304,2
DA:1305,2
DA:1306,2
DA:1307,2
DA:1308,2
DA:1310,0
DA:1312,0
DA:1313,1
DA:1315,4
DA:1316,1
DA:1356,0
DA:1358,0
DA:1360,0
DA:1362,0
DA:1364,0
DA:1365,0
DA:1366,0
DA:1368,0
DA:1369,0
DA:1370,0
DA:1376,0
DA:1383,0
DA:1384,0
DA:1386,0
DA:1387,0
DA:1389,0
DA:1390,0
DA:1392,0
DA:1393,0
DA:1395,0
DA:1396,0
DA:1398,0
DA:1399,0
DA:1401,0
DA:1403,0
DA:1405,0
DA:1406,0
DA:1407,0
DA:1408,0
DA:1411,0
DA:1412,0
DA:1413,0
DA:1419,0
DA:1425,0
DA:1432,0
DA:1433,0
DA:1435,0
DA:1436,0
DA:1438,0
DA:1439,0
DA:1441,0
DA:1442,0
DA:1444,0
DA:1445,0
DA:1447,0
DA:1448,0
DA:1449,0
DA:1454,0
DA:1461,0
DA:1462,0
DA:1464,0
DA:1465,0
DA:1467,0
DA:1468,0
DA:1470,0
DA:1471,0
DA:1473,0
DA:1474,0
DA:1476,0
DA:1477,0
DA:1479,0
DA:1481,0
DA:1483,0
DA:1484,0
DA:1485,0
DA:1486,0
DA:1489,0
DA:1490,0
DA:1491,0
DA:1497,0
DA:1513,0
DA:1514,0
DA:1517,0
DA:1518,0
DA:1519,0
DA:1520,0
DA:1521,0
DA:1522,0
DA:1523,0
DA:1531,0
DA:1539,0
DA:1547,0
DA:1555,0
DA:1556,0
DA:1557,0
DA:1558,0
DA:1560,0
DA:1561,0
DA:1562,0
DA:1564,0
DA:1566,0
DA:1567,0
DA:1569,0
DA:1573,0
DA:1574,0
DA:1575,0
DA:1576,0
DA:1577,0
DA:1579,0
DA:1633,0
DA:1635,0
DA:1636,0
DA:1637,0
DA:1639,0
DA:1640,0
DA:1642,0
DA:1643,0
DA:1644,0
DA:1646,0
DA:1647,0
DA:1650,0
DA:1651,0
DA:1652,0
DA:1654,0
DA:1656,0
DA:1657,0
DA:1658,0
DA:1660,0
DA:1661,0
DA:1662,0
DA:1668,0
DA:1675,0
DA:1676,0
DA:1678,0
DA:1679,0
DA:1681,0
DA:1682,0
DA:1684,0
DA:1685,0
DA:1687,0
DA:1688,0
DA:1690,0
DA:1691,0
DA:1693,0
DA:1694,0
DA:1696,0
DA:1697,0
DA:1699,0
DA:1700,0
DA:1702,0
DA:1703,0
DA:1705,0
DA:1706,0
DA:1708,0
DA:1709,0
DA:1711,0
DA:1712,0
DA:1714,0
DA:1715,0
DA:1716,0
DA:1717,0
DA:1720,0
DA:1721,0
DA:1722,0
DA:1731,0
DA:1733,0
DA:1735,0
DA:1736,0
DA:1737,0
DA:1738,0
DA:1741,0
DA:1742,0
DA:1743,0
DA:1749,0
DA:1755,0
DA:1762,0
DA:1763,0
DA:1765,0
DA:1766,0
DA:1768,0
DA:1769,0
DA:1771,0
DA:1772,0
DA:1774,0
DA:1775,0
DA:1777,0
DA:1778,0
DA:1780,0
DA:1781,0
DA:1783,0
DA:1784,0
DA:1786,0
DA:1787,0
DA:1789,0
DA:1790,0
DA:1791,0
DA:1793,0
DA:1794,0
DA:1796,0
DA:1797,0
DA:1799,0
DA:1800,0
DA:1802,0
DA:1803,0
DA:1804,0
DA:1805,0
DA:1808,0
DA:1809,0
DA:1810,0
DA:1822,0
DA:1829,0
DA:1830,0
DA:1832,0
DA:1833,0
DA:1835,0
DA:1836,0
DA:1838,0
DA:1839,0
DA:1841,0
DA:1842,0
DA:1844,0
DA:1845,0
DA:1847,0
DA:1848,0
DA:1850,0
DA:1851,0
DA:1853,0
DA:1854,0
DA:1856,0
DA:1857,0
DA:1859,0
DA:1860,0
DA:1862,0
DA:1863,0
DA:1865,0
DA:1866,0
DA:1868,0
DA:1869,0
DA:1870,0
DA:1871,0
DA:1874,0
DA:1875,0
DA:1876,0
DA:1885,0
DA:1887,0
DA:1889,0
DA:1890,0
DA:1891,0
DA:1892,0
DA:1895,0
DA:1896,0
DA:1897,0
DA:1903,0
DA:1919,0
DA:1920,0
DA:1923,0
DA:1924,0
DA:1925,0
DA:1926,0
DA:1927,0
DA:1928,0
DA:1929,0
DA:1944,0
DA:1959,0
DA:1974,0
DA:1989,0
DA:1990,0
DA:1991,0
DA:1992,0
DA:1994,0
DA:1995,0
DA:1996,0
DA:1998,0
DA:2011,0
DA:2013,0
DA:2015,0
DA:2017,0
DA:2019,0
DA:2025,0
DA:2026,0
DA:2028,0
DA:2032,0
DA:2033,0
DA:2034,0
DA:2035,0
DA:2036,0
DA:2038,0
DA:2078,0
DA:2080,0
DA:2081,0
DA:2082,0
DA:2084,0
DA:2085,0
DA:2087,0
DA:2088,0
DA:2089,0
DA:2091,0
DA:2092,0
DA:2098,0
DA:2105,0
DA:2106,0
DA:2108,0
DA:2109,0
DA:2111,0
DA:2112,0
DA:2113,0
DA:2115,0
DA:2116,0
DA:2118,0
DA:2119,0
DA:2121,0
DA:2122,0
DA:2123,0
DA:2124,0
DA:2127,0
DA:2128,0
DA:2129,0
DA:2141,0
DA:2148,0
DA:2149,0
DA:2151,0
DA:2152,0
DA:2154,0
DA:2155,0
DA:2156,0
DA:2158,0
DA:2159,0
DA:2161,0
DA:2162,0
DA:2164,0
DA:2165,0
DA:2166,0
DA:2167,0
DA:2170,0
DA:2171,0
DA:2172,0
DA:2184,0
DA:2191,0
DA:2192,0
DA:2194,0
DA:2195,0
DA:2197,0
DA:2198,0
DA:2200,0
DA:2201,0
DA:2203,0
DA:2204,0
DA:2206,0
DA:2207,0
DA:2208,0
DA:2209,0
DA:2212,0
DA:2213,0
DA:2214,0
DA:2236,0
DA:2237,0
DA:2240,0
DA:2241,0
DA:2242,0
DA:2243,0
DA:2244,0
DA:2245,0
DA:2246,0
DA:2253,0
DA:2260,0
DA:2267,0
DA:2274,0
DA:2275,0
DA:2276,0
DA:2277,0
DA:2279,0
DA:2280,0
DA:2281,0
DA:2283,0
DA:2296,0
DA:2298,0
DA:2300,0
DA:2302,0
DA:2304,0
DA:2310,0
DA:2311,0
DA:2333,0
DA:2334,0
DA:2335,0
DA:2336,0
DA:2337,0
DA:2338,0
DA:2339,0
DA:2343,3
DA:2346,0
DA:2347,3
DA:2350,0
DA:2351,0
DA:2352,0
LF:1101
LH:274
end_of_record
SF:lib\data\drift\decks_dao.dart
DA:5,1
DA:8,4
DA:11,0
DA:14,1
DA:15,7
DA:19,0
DA:20,0
DA:21,0
DA:24,1
DA:25,3
DA:29,0
DA:30,0
DA:34,1
DA:35,2
DA:37,4
DA:38,4
DA:39,1
DA:41,2
DA:42,5
DA:46,7
DA:51,1
DA:52,4
DA:53,4
DA:54,1
DA:55,3
DA:57,6
DA:58,3
DA:62,0
DA:63,0
DA:64,0
DA:65,0
LF:31
LH:21
end_of_record
SF:lib\data\drift\cards_dao.dart
DA:5,1
DA:8,0
DA:10,1
DA:11,7
DA:15,0
DA:16,0
DA:20,0
DA:21,0
DA:22,0
DA:23,0
DA:24,0
DA:25,0
DA:30,0
DA:31,0
DA:32,0
DA:33,0
DA:38,0
DA:39,0
DA:40,0
DA:42,0
DA:43,0
DA:44,0
DA:45,0
DA:52,0
DA:53,0
DA:56,0
DA:59,0
DA:62,0
DA:68,0
DA:69,0
DA:70,0
DA:74,1
DA:75,3
DA:79,0
DA:80,0
DA:83,0
DA:84,0
DA:86,0
DA:87,0
LF:39
LH:5
end_of_record
SF:lib\data\tables\review_stats.dart
DA:5,0
DA:6,0
DA:7,0
DA:8,0
DA:9,0
DA:10,0
DA:11,0
DA:12,0
LF:8
LH:0
end_of_record
SF:lib\data\drift\stats_dao.dart
DA:5,0
DA:8,0
DA:9,0
DA:10,0
DA:11,0
DA:13,0
DA:14,0
DA:15,0
DA:16,0
DA:17,0
DA:18,0
DA:20,0
DA:24,0
DA:25,0
DA:26,0
DA:28,0
DA:30,0
DA:31,0
DA:32,0
DA:33,0
DA:34,0
DA:35,0
DA:36,0
DA:37,0
DA:38,0
DA:40,0
DA:44,0
DA:47,0
DA:48,0
DA:50,0
DA:53,0
DA:56,0
DA:57,0
DA:58,0
DA:59,0
DA:60,0
DA:61,0
DA:62,0
DA:63,0
DA:64,0
DA:66,0
DA:70,0
DA:71,0
DA:75,0
DA:76,0
DA:80,0
DA:82,0
DA:83,0
DA:84,0
DA:85,0
DA:87,0
DA:92,0
DA:96,0
DA:97,0
DA:98,0
DA:101,0
DA:102,0
DA:103,0
DA:107,0
DA:108,0
DA:111,0
DA:114,0
DA:115,0
DA:116,0
DA:117,0
DA:125,0
DA:127,0
DA:139,0
DA:140,0
DA:143,0
DA:144,0
DA:148,0
DA:149,0
DA:150,0
DA:153,0
DA:154,0
DA:155,0
DA:158,0
LF:78
LH:0
end_of_record
SF:lib\data\tables\decks.dart
DA:5,0
DA:6,0
DA:7,0
DA:8,0
DA:9,0
DA:10,0
DA:11,0
LF:7
LH:0
end_of_record
SF:lib\data\tables\cards.dart
DA:5,0
DA:6,0
DA:7,0
DA:8,0
DA:9,0
DA:10,0
DA:11,0
DA:12,0
DA:13,0
DA:14,0
DA:15,0
DA:16,0
DA:17,0
DA:18,0
DA:19,0
LF:15
LH:0
end_of_record
SF:lib\data\database.dart
DA:29,2
DA:31,1
DA:37,1
DA:38,1
DA:39,2
DA:40,0
DA:41,0
DA:42,0
DA:44,0
DA:45,0
DA:46,0
DA:48,0
DA:54,1
DA:55,2
DA:56,3
DA:69,0
DA:70,0
DA:71,0
DA:72,0
DA:78,0
DA:79,0
DA:80,0
DA:81,0
DA:82,0
LF:24
LH:8
end_of_record
SF:lib\services\import_export_service.dart
DA:15,2
DA:18,1
DA:21,2
DA:22,0
DA:23,0
DA:24,0
DA:26,0
DA:28,0
DA:33,3
DA:35,3
DA:37,1
DA:40,2
DA:54,2
DA:55,2
DA:56,1
DA:57,1
DA:58,1
DA:59,1
DA:60,1
DA:61,1
DA:62,1
DA:63,2
DA:64,2
DA:65,1
DA:66,1
DA:70,1
DA:72,1
DA:75,3
DA:76,3
DA:77,1
DA:78,1
DA:82,3
DA:88,1
DA:90,1
DA:91,1
DA:92,0
DA:96,1
DA:99,1
DA:101,1
DA:102,0
DA:107,1
DA:120,1
DA:123,2
DA:124,5
DA:125,5
DA:126,2
DA:127,4
DA:132,1
DA:135,3
DA:136,1
DA:140,2
DA:141,2
DA:146,3
DA:147,1
DA:148,2
DA:151,2
DA:152,2
DA:154,5
DA:156,6
DA:157,0
DA:160,6
DA:161,0
DA:164,6
DA:165,0
DA:168,6
DA:169,0
DA:172,1
DA:173,3
DA:175,3
DA:179,3
DA:180,3
DA:184,3
DA:185,3
DA:189,3
DA:190,3
DA:193,3
DA:194,1
DA:198,1
DA:199,1
DA:200,1
DA:201,1
DA:202,1
DA:203,1
DA:204,1
DA:205,1
DA:206,1
DA:210,0
DA:217,3
DA:221,0
DA:227,0
DA:229,0
DA:231,0
DA:235,0
DA:236,0
DA:240,0
DA:241,0
DA:242,0
DA:246,0
DA:252,0
DA:257,0
DA:258,0
DA:259,0
DA:262,0
LF:103
LH:76
end_of_record
SF:lib\data\models\review_stats.dart
DA:14,1
LF:1
LH:1
end_of_record
SF:lib\data\models\daily_aggregated_stats.dart
DA:6,1
DA:12,1
DA:13,1
DA:14,1
DA:15,1
DA:16,1
DA:17,2
LF:7
LH:7
end_of_record
SF:lib\viewmodels\stats_viewmodel.dart
DA:16,2
DA:19,2
DA:39,1
DA:40,3
DA:41,3
DA:42,3
DA:46,2
DA:47,1
DA:48,1
DA:49,2
DA:50,0
DA:51,1
DA:52,2
DA:53,0
DA:54,2
DA:55,2
DA:56,1
DA:57,1
DA:60,2
DA:61,2
DA:62,2
DA:63,2
DA:66,1
DA:67,1
DA:68,1
DA:69,1
DA:73,3
DA:74,1
DA:75,2
DA:77,1
DA:78,2
DA:79,3
DA:80,2
DA:81,1
DA:82,2
DA:85,2
DA:86,1
DA:87,3
DA:88,1
DA:90,2
DA:91,3
DA:92,1
DA:94,1
DA:95,1
DA:99,1
DA:100,1
DA:101,1
DA:102,1
DA:105,3
DA:106,3
DA:107,3
DA:110,1
DA:111,1
DA:112,4
DA:115,1
DA:117,0
DA:118,0
DA:120,1
DA:121,1
DA:126,1
DA:127,1
DA:128,2
DA:129,2
DA:130,2
DA:131,1
DA:132,2
DA:133,2
DA:134,2
DA:137,1
DA:139,2
DA:140,2
DA:142,1
DA:143,1
DA:144,4
DA:147,2
DA:148,3
DA:149,1
DA:150,2
DA:151,2
DA:152,3
DA:154,1
DA:155,2
DA:157,1
DA:159,1
DA:160,1
DA:161,1
DA:163,0
DA:171,3
DA:176,2
DA:177,2
DA:191,3
DA:194,5
DA:198,1
DA:204,1
DA:205,1
DA:206,2
DA:207,1
DA:208,1
DA:211,2
DA:216,0
DA:217,0
DA:222,0
DA:224,0
DA:225,0
DA:226,0
DA:229,0
DA:230,0
DA:234,0
DA:235,0
DA:236,0
DA:237,0
DA:238,0
DA:241,0
DA:242,0
DA:244,0
DA:245,0
DA:250,1
DA:251,2
DA:256,2
DA:257,4
DA:259,5
DA:261,3
DA:262,4
DA:264,1
DA:268,2
DA:271,0
DA:274,0
DA:276,0
DA:280,1
DA:282,1
DA:285,0
DA:286,0
DA:287,0
LF:133
LH:105
end_of_record
SF:lib\domain\entities\deck.dart
DA:11,0
DA:22,0
DA:32,0
DA:33,0
DA:34,0
DA:35,0
DA:36,0
DA:37,0
DA:38,0
DA:39,0
DA:40,0
DA:43,0
DA:48,0
DA:49,0
DA:50,0
DA:51,0
DA:52,0
DA:53,0
DA:54,0
DA:55,0
DA:56,0
DA:59,0
DA:61,0
DA:62,0
DA:63,0
DA:64,0
DA:65,0
DA:66,0
DA:67,0
DA:68,0
DA:69,0
DA:73,0
DA:75,0
LF:33
LH:0
end_of_record
SF:lib\domain\failures\failures.dart
DA:3,0
DA:4,0
DA:9,0
DA:12,0
DA:13,0
DA:15,0
DA:16,0
DA:20,0
DA:24,0
DA:28,0
DA:32,0
DA:36,0
DA:40,0
LF:13
LH:0
end_of_record
SF:lib\domain\usecases\deck_usecases.dart
DA:10,0
DA:12,0
DA:14,0
DA:21,0
DA:23,0
DA:25,0
DA:26,0
DA:28,0
DA:36,0
DA:45,0
DA:47,0
DA:50,0
DA:51,0
DA:54,0
DA:55,0
DA:59,0
DA:61,0
DA:62,0
DA:64,0
DA:67,0
DA:74,0
DA:76,0
DA:79,0
DA:80,0
DA:83,0
DA:84,0
DA:87,0
DA:88,0
DA:92,0
DA:93,0
DA:96,0
DA:103,0
DA:105,0
DA:107,0
DA:108,0
DA:110,0
DA:117,0
DA:119,0
DA:121,0
DA:122,0
DA:124,0
LF:41
LH:0
end_of_record
SF:lib\services\performance_service.dart
DA:10,0
DA:12,0
DA:13,0
DA:16,0
DA:23,0
DA:24,0
DA:43,0
DA:46,0
DA:47,0
DA:51,0
DA:53,0
DA:54,0
DA:59,0
DA:60,0
DA:61,0
DA:62,0
DA:66,0
DA:67,0
DA:69,0
DA:70,0
DA:71,0
DA:72,0
DA:78,0
DA:79,0
DA:83,0
DA:84,0
DA:88,0
DA:90,0
DA:94,0
DA:95,0
DA:96,0
DA:98,0
DA:102,0
DA:104,0
DA:110,0
DA:111,0
DA:112,0
DA:115,0
DA:121,0
DA:128,0
DA:129,0
DA:133,0
DA:135,0
DA:136,0
DA:137,0
DA:139,0
DA:140,0
DA:143,0
DA:144,0
DA:149,0
DA:150,0
DA:151,0
DA:154,0
DA:155,0
DA:156,0
DA:158,0
DA:162,0
DA:166,0
DA:167,0
DA:168,0
DA:169,0
DA:170,0
DA:174,0
DA:175,0
DA:179,0
DA:181,0
DA:182,0
DA:184,0
DA:186,0
DA:187,0
DA:189,0
DA:190,0
DA:191,0
DA:192,0
DA:194,0
DA:195,0
DA:201,0
DA:206,0
DA:207,0
DA:209,0
DA:210,0
DA:211,0
DA:212,0
DA:213,0
DA:214,0
DA:217,0
DA:218,0
DA:219,0
LF:88
LH:0
end_of_record
SF:lib\services\theme_service.dart
DA:25,0
DA:35,0
DA:36,0
DA:37,0
DA:38,0
DA:39,0
DA:40,0
DA:41,0
DA:42,0
DA:43,0
DA:44,0
DA:45,0
DA:46,0
DA:47,0
DA:48,0
DA:49,0
DA:54,0
DA:55,0
DA:56,0
DA:58,0
DA:60,0
DA:61,0
DA:62,0
DA:63,0
DA:64,0
DA:68,0
DA:77,0
DA:78,0
DA:79,0
DA:81,0
DA:82,0
DA:83,0
DA:84,0
DA:85,0
DA:96,0
DA:99,0
DA:100,0
DA:101,0
DA:102,0
DA:106,0
DA:109,0
DA:110,0
DA:111,0
DA:112,0
DA:113,0
DA:117,0
DA:119,0
DA:120,0
DA:121,0
DA:128,0
DA:129,0
DA:131,0
DA:132,0
DA:134,0
DA:135,0
DA:136,0
DA:137,0
DA:142,0
DA:143,0
DA:144,0
DA:145,0
DA:148,0
DA:150,0
DA:151,0
DA:156,0
DA:157,0
DA:158,0
DA:160,0
DA:162,0
DA:163,0
DA:169,0
DA:170,0
DA:171,0
DA:175,0
DA:176,0
DA:179,0
DA:180,0
DA:181,0
DA:183,0
DA:186,0
DA:190,0
DA:192,0
DA:193,0
DA:194,0
DA:198,0
DA:199,0
DA:200,0
DA:204,0
DA:205,0
DA:206,0
DA:210,0
DA:211,0
DA:212,0
DA:216,0
DA:217,0
DA:218,0
DA:222,0
DA:223,0
DA:224,0
DA:228,0
DA:229,0
DA:230,0
DA:234,0
DA:235,0
DA:236,0
DA:240,0
DA:241,0
DA:242,0
LF:108
LH:0
end_of_record
SF:lib\viewmodels\deck_viewmodel.dart
DA:18,1
DA:25,1
DA:26,1
DA:27,1
DA:31,2
DA:34,2
DA:37,0
DA:40,0
DA:43,0
DA:46,0
DA:47,0
DA:48,0
DA:49,0
DA:52,1
DA:53,1
DA:54,1
DA:55,1
DA:58,3
DA:59,1
DA:60,0
DA:61,2
DA:64,0
DA:65,0
DA:67,1
DA:68,1
DA:73,1
DA:74,3
DA:75,1
DA:76,1
DA:77,0
DA:78,0
DA:79,0
DA:81,1
DA:82,1
DA:83,1
DA:86,1
DA:88,0
DA:89,0
DA:90,0
DA:91,0
DA:97,0
DA:98,0
DA:101,0
DA:102,0
DA:103,0
DA:105,0
DA:109,0
DA:110,0
DA:111,0
DA:112,0
DA:115,0
DA:116,0
DA:118,0
DA:119,0
DA:124,0
DA:125,0
DA:128,0
DA:129,0
DA:130,0
DA:133,0
DA:134,0
DA:135,0
DA:136,0
DA:138,0
DA:140,0
DA:145,0
DA:146,0
DA:147,0
DA:148,0
DA:153,0
DA:154,0
DA:156,0
DA:157,0
DA:162,0
DA:163,0
DA:166,0
DA:167,0
DA:168,0
DA:170,0
DA:171,0
DA:172,0
DA:173,0
DA:176,0
DA:177,0
DA:179,0
DA:180,0
DA:186,0
DA:187,0
DA:190,0
DA:191,0
DA:192,0
DA:195,0
DA:198,0
DA:204,0
DA:209,0
DA:210,0
DA:213,0
DA:214,0
DA:218,0
DA:219,0
DA:222,0
DA:223,0
DA:224,0
DA:228,0
DA:233,0
DA:234,0
DA:236,0
DA:238,0
DA:239,0
DA:241,0
DA:242,0
DA:244,0
DA:245,0
DA:250,0
DA:254,0
DA:255,0
DA:258,0
DA:259,0
DA:264,0
DA:267,0
LF:120
LH:23
end_of_record
SF:lib\ui\home_screen.dart
DA:19,1
DA:21,1
DA:23,1
DA:24,1
DA:25,1
DA:26,1
DA:27,1
DA:30,3
DA:32,1
DA:33,1
DA:34,1
DA:35,3
DA:37,1
DA:38,1
DA:39,1
DA:40,1
DA:43,1
DA:44,1
DA:45,3
DA:46,0
DA:48,1
DA:49,3
DA:50,0
DA:52,1
DA:53,3
DA:54,0
DA:56,1
DA:57,0
DA:58,0
DA:63,0
DA:73,1
DA:74,1
DA:75,0
DA:77,3
DA:82,1
DA:83,1
DA:84,1
DA:87,1
DA:88,1
DA:89,1
DA:90,1
DA:94,3
DA:98,0
DA:100,0
DA:101,0
DA:102,0
DA:103,0
DA:108,0
DA:109,0
DA:110,0
DA:111,0
DA:112,0
DA:113,0
DA:115,0
DA:117,0
DA:118,0
DA:122,0
DA:129,0
DA:130,0
DA:131,0
DA:132,0
DA:134,0
DA:136,0
DA:138,0
DA:140,0
DA:142,0
DA:143,0
DA:147,0
DA:148,0
DA:154,0
DA:162,0
DA:163,0
DA:164,0
DA:165,0
DA:168,0
DA:169,0
DA:170,0
DA:171,0
DA:172,0
DA:174,0
DA:175,0
DA:186,0
DA:188,0
DA:192,0
DA:195,0
DA:197,0
DA:199,0
DA:201,0
DA:204,0
DA:206,0
DA:208,0
DA:209,0
DA:210,0
DA:211,0
DA:214,0
DA:216,0
DA:219,0
DA:221,0
DA:223,0
DA:227,0
DA:229,0
DA:235,0
DA:236,0
DA:239,0
LF:104
LH:35
end_of_record
SF:lib\data\models\card.dart
DA:23,0
DA:41,0
DA:42,0
DA:43,0
DA:44,0
DA:45,0
DA:46,0
DA:47,0
DA:48,0
DA:49,0
DA:50,0
DA:51,0
DA:52,0
DA:53,0
DA:54,0
DA:55,0
LF:16
LH:0
end_of_record
SF:lib\domain\entities\deck_with_stats.dart
DA:14,0
DA:26,0
DA:31,0
DA:32,0
DA:33,0
DA:34,0
DA:35,0
DA:36,0
DA:37,0
DA:43,0
DA:53,0
DA:54,0
DA:55,0
DA:56,0
DA:57,0
DA:58,0
DA:59,0
DA:60,0
DA:61,0
DA:64,0
DA:69,0
DA:70,0
DA:71,0
DA:72,0
DA:73,0
DA:74,0
DA:75,0
DA:76,0
DA:77,0
DA:80,0
DA:82,0
DA:83,0
DA:84,0
DA:85,0
DA:86,0
DA:87,0
DA:88,0
DA:89,0
DA:90,0
DA:94,0
DA:96,0
LF:41
LH:0
end_of_record
SF:lib\domain\usecases\usecase.dart
DA:26,0
LF:1
LH:0
end_of_record
SF:lib\services\import_service.dart
DA:26,0
DA:37,1
DA:39,0
DA:42,0
DA:45,0
DA:46,0
DA:47,0
DA:48,0
DA:49,0
DA:50,0
DA:51,0
DA:52,0
DA:53,0
DA:54,0
DA:55,0
DA:56,0
DA:60,0
DA:61,0
DA:64,0
DA:66,0
DA:68,0
DA:70,0
DA:72,0
DA:74,0
DA:83,0
DA:86,0
DA:87,0
DA:90,0
DA:91,0
DA:94,0
DA:103,0
DA:105,0
DA:106,0
DA:107,0
DA:112,0
DA:115,0
DA:116,0
DA:118,0
DA:125,0
DA:126,0
DA:127,0
DA:132,0
DA:133,0
DA:138,0
DA:139,0
DA:145,0
DA:148,0
DA:150,0
DA:151,0
DA:152,0
DA:155,0
DA:160,0
DA:164,0
DA:165,0
DA:169,0
DA:170,0
DA:171,0
DA:172,0
DA:175,0
DA:176,0
DA:177,0
DA:178,0
DA:181,0
DA:183,0
DA:184,0
DA:188,0
DA:193,0
DA:197,0
DA:198,0
DA:202,0
DA:203,0
DA:206,0
DA:207,0
DA:208,0
DA:209,0
DA:210,0
DA:211,0
DA:212,0
DA:213,0
DA:215,0
DA:216,0
DA:219,0
DA:220,0
DA:221,0
DA:222,0
DA:223,0
DA:224,0
DA:225,0
DA:226,0
DA:227,0
DA:231,0
DA:232,0
DA:236,0
DA:240,0
DA:241,0
DA:244,0
DA:246,0
DA:247,0
DA:252,0
DA:253,0
DA:254,0
DA:255,0
DA:259,0
DA:260,0
DA:262,0
DA:265,0
DA:272,0
DA:274,0
DA:280,0
DA:282,0
DA:283,0
DA:285,0
DA:286,0
DA:294,0
DA:297,0
DA:301,0
DA:302,0
DA:305,0
DA:310,0
DA:312,0
DA:313,0
DA:314,0
DA:315,0
DA:316,0
DA:317,0
DA:318,0
DA:322,0
DA:326,0
DA:327,0
DA:329,0
DA:334,0
DA:335,0
DA:338,0
DA:339,0
DA:344,0
DA:345,0
DA:349,0
DA:350,0
DA:351,0
DA:352,0
DA:356,0
DA:357,0
DA:358,0
DA:359,0
DA:363,0
DA:364,0
DA:365,0
DA:366,0
DA:370,0
DA:371,0
DA:372,0
DA:373,0
DA:376,0
DA:377,0
DA:379,0
DA:383,0
DA:384,0
DA:388,0
DA:389,0
DA:393,0
DA:394,0
DA:397,0
DA:401,0
DA:402,0
DA:403,0
DA:404,0
DA:405,0
DA:406,0
DA:407,0
DA:408,0
DA:409,0
DA:412,0
DA:414,0
DA:417,0
DA:419,0
DA:422,0
DA:427,0
DA:429,0
DA:435,0
DA:438,0
DA:439,0
DA:442,0
DA:443,0
DA:445,0
DA:448,0
DA:449,0
DA:463,0
DA:465,0
DA:466,0
DA:468,0
DA:470,0
DA:471,0
DA:472,0
DA:473,0
DA:477,0
DA:478,0
DA:479,0
DA:480,0
DA:485,0
DA:486,0
DA:487,0
DA:488,0
DA:491,0
DA:493,0
DA:496,0
DA:501,0
DA:503,0
DA:509,0
DA:512,0
DA:513,0
DA:516,0
DA:517,0
DA:520,0
DA:521,0
DA:526,0
DA:538,0
DA:540,0
DA:541,0
DA:545,0
DA:546,0
DA:547,0
DA:551,0
DA:552,0
DA:564,0
DA:565,0
DA:566,0
DA:570,0
DA:571,0
DA:575,0
DA:576,0
DA:578,0
DA:582,0
DA:583,0
DA:588,0
DA:591,0
DA:592,0
DA:594,0
DA:595,0
DA:596,0
DA:597,0
DA:600,0
DA:602,0
DA:608,0
DA:609,0
DA:611,0
DA:614,0
DA:620,0
DA:621,0
DA:622,0
DA:623,0
DA:627,0
DA:629,0
DA:631,0
DA:636,0
DA:638,0
DA:644,0
DA:647,0
DA:648,0
DA:651,0
DA:652,0
DA:655,0
DA:656,0
DA:661,0
DA:673,0
DA:678,0
DA:685,0
DA:687,0
DA:688,0
DA:694,0
DA:695,0
DA:703,0
DA:704,0
DA:706,0
DA:707,0
DA:710,0
DA:712,0
DA:713,0
DA:718,0
DA:721,0
DA:722,0
DA:724,0
DA:725,0
DA:727,0
DA:731,0
DA:732,0
DA:736,0
DA:738,0
DA:741,0
DA:746,0
DA:748,0
LF:290
LH:1
end_of_record
SF:lib\ui\components\deck_card.dart
DA:10,0
DA:17,0
DA:19,0
DA:20,0
DA:21,0
DA:22,0
DA:26,0
DA:27,0
DA:28,0
DA:29,0
DA:30,0
DA:32,0
DA:33,0
DA:34,0
DA:35,0
DA:37,0
DA:38,0
DA:40,0
DA:41,0
DA:42,0
DA:44,0
DA:47,0
DA:48,0
DA:49,0
DA:52,0
DA:59,0
DA:60,0
LF:27
LH:0
end_of_record
SF:lib\ui\theme\design_system.dart
DA:60,1
DA:67,0
DA:68,0
DA:69,0
DA:70,0
DA:71,0
DA:75,1
LF:7
LH:2
end_of_record
SF:lib\ui\components\icon_button_animated.dart
DA:9,1
DA:16,1
DA:17,1
DA:24,0
DA:25,0
DA:27,0
DA:28,0
DA:29,0
DA:31,1
DA:33,1
DA:34,2
DA:35,1
DA:36,1
DA:37,1
DA:38,1
DA:39,1
DA:40,1
DA:41,1
DA:42,2
DA:44,1
DA:48,1
DA:49,2
DA:50,2
DA:51,1
DA:52,1
DA:53,1
DA:54,2
DA:55,2
DA:57,2
LF:29
LH:24
end_of_record
SF:lib\ui\components\input_field.dart
DA:14,0
DA:25,0
DA:27,0
DA:28,0
DA:29,0
DA:30,0
DA:31,0
DA:32,0
DA:33,0
DA:35,0
DA:36,0
DA:38,0
DA:39,0
DA:40,0
DA:43,0
LF:15
LH:0
end_of_record
SF:lib\ui\deck_search_delegate.dart
DA:8,0
DA:10,0
DA:13,0
DA:15,0
DA:16,0
DA:17,0
DA:19,0
DA:24,0
DA:26,0
DA:28,0
DA:32,0
DA:34,0
DA:35,0
DA:36,0
DA:37,0
DA:38,0
DA:39,0
DA:40,0
DA:41,0
DA:42,0
DA:43,0
DA:49,0
DA:51,0
DA:52,0
DA:53,0
DA:54,0
DA:55,0
DA:56,0
DA:57,0
DA:58,0
DA:59,0
DA:60,0
DA:61,0
DA:62,0
LF:34
LH:0
end_of_record
SF:lib\ui\widgets\app_drawer.dart
DA:6,1
DA:8,0
DA:10,0
DA:11,0
DA:13,0
DA:14,0
DA:15,0
DA:16,0
DA:18,0
DA:20,0
DA:21,0
DA:23,0
DA:24,0
DA:29,0
DA:31,0
DA:32,0
DA:33,0
DA:34,0
DA:35,0
DA:41,0
DA:42,0
DA:44,0
DA:47,0
DA:49,0
DA:50,0
DA:52,0
DA:53,0
DA:55,0
DA:59,0
DA:60,0
DA:61,0
DA:65,0
DA:66,0
DA:68,0
DA:69,0
DA:70,0
DA:74,0
DA:75,0
DA:76,0
DA:79,0
DA:80,0
DA:82,0
DA:83,0
DA:84,0
DA:89,0
DA:90,0
DA:91,0
DA:95,0
DA:96,0
DA:98,0
DA:102,0
DA:104,0
DA:105,0
DA:107,0
DA:108,0
DA:109,0
DA:114,0
DA:115,0
DA:116,0
DA:119,0
DA:120,0
DA:122,0
DA:125,0
DA:132,0
DA:133,0
LF:65
LH:1
end_of_record
